2018-02-07 11:18:21,281 INFO o.a.j.u.JMeterUtils: Setting Locale to en_US
2018-02-07 11:18:21,291 INFO o.a.j.JMeter: Loading user properties from: user.properties
2018-02-07 11:18:21,291 INFO o.a.j.JMeter: Loading system properties from: system.properties
2018-02-07 11:18:21,297 INFO o.a.j.JMeter: Copyright (c) 1998-2017 The Apache Software Foundation
2018-02-07 11:18:21,297 INFO o.a.j.JMeter: Version 3.3 r1808647
2018-02-07 11:18:21,297 INFO o.a.j.JMeter: java.version=1.8.0_151
2018-02-07 11:18:21,297 INFO o.a.j.JMeter: java.vm.name=Java HotSpot(TM) Client VM
2018-02-07 11:18:21,297 INFO o.a.j.JMeter: os.name=Windows 10
2018-02-07 11:18:21,297 INFO o.a.j.JMeter: os.arch=x86
2018-02-07 11:18:21,297 INFO o.a.j.JMeter: os.version=10.0
2018-02-07 11:18:21,298 INFO o.a.j.JMeter: file.encoding=Cp1252
2018-02-07 11:18:21,298 INFO o.a.j.JMeter: Max memory     =536870912
2018-02-07 11:18:21,298 INFO o.a.j.JMeter: Available Processors =4
2018-02-07 11:18:21,303 INFO o.a.j.JMeter: Default Locale=English (United States)
2018-02-07 11:18:21,303 INFO o.a.j.JMeter: JMeter  Locale=English (United States)
2018-02-07 11:18:21,303 INFO o.a.j.JMeter: JMeterHome=C:\Users\alfons\Projects\backend_v2_vagrant\apache-jmeter-3.3
2018-02-07 11:18:21,303 INFO o.a.j.JMeter: user.dir  =C:\Users\alfons\Projects\backend_v2_vagrant\apache-jmeter-3.3\bin
2018-02-07 11:18:21,304 INFO o.a.j.JMeter: PWD       =C:\Users\alfons\Projects\backend_v2_vagrant\apache-jmeter-3.3\bin
2018-02-07 11:18:25,808 INFO o.a.j.JMeter: IP: 192.168.68.1 Name: MOFO FullName: MOFO
2018-02-07 11:18:26,306 INFO o.a.j.g.a.LookAndFeelCommand: Using look and feel: javax.swing.plaf.metal.MetalLookAndFeel [Metal, CrossPlatform]
2018-02-07 11:18:26,310 INFO o.a.j.JMeter: Loaded icon properties from org/apache/jmeter/images/icon.properties
2018-02-07 11:18:26,870 INFO o.a.j.e.u.CompoundVariable: Note: Function class names must contain the string: '.functions.'
2018-02-07 11:18:26,870 INFO o.a.j.e.u.CompoundVariable: Note: Function class names must not contain the string: '.gui.'
2018-02-07 11:18:27,453 INFO o.a.j.g.u.MenuFactory: Skipping org.apache.jmeter.assertions.BSFAssertion
2018-02-07 11:18:27,744 INFO o.a.j.g.u.MenuFactory: Skipping org.apache.jmeter.extractor.BSFPostProcessor
2018-02-07 11:18:27,767 INFO o.a.j.g.u.MenuFactory: Skipping org.apache.jmeter.modifiers.BSFPreProcessor
2018-02-07 11:18:27,787 INFO o.a.j.p.h.s.HTTPSamplerBase: Parser for text/html is org.apache.jmeter.protocol.http.parser.LagartoBasedHtmlParser
2018-02-07 11:18:27,787 INFO o.a.j.p.h.s.HTTPSamplerBase: Parser for application/xhtml+xml is org.apache.jmeter.protocol.http.parser.LagartoBasedHtmlParser
2018-02-07 11:18:27,788 INFO o.a.j.p.h.s.HTTPSamplerBase: Parser for application/xml is org.apache.jmeter.protocol.http.parser.LagartoBasedHtmlParser
2018-02-07 11:18:27,788 INFO o.a.j.p.h.s.HTTPSamplerBase: Parser for text/xml is org.apache.jmeter.protocol.http.parser.LagartoBasedHtmlParser
2018-02-07 11:18:27,788 INFO o.a.j.p.h.s.HTTPSamplerBase: Parser for text/vnd.wap.wml is org.apache.jmeter.protocol.http.parser.RegexpHTMLParser
2018-02-07 11:18:27,788 INFO o.a.j.p.h.s.HTTPSamplerBase: Parser for text/css is org.apache.jmeter.protocol.http.parser.CssParser
2018-02-07 11:18:27,896 INFO o.a.j.e.KeyToolUtils: Exception checking for keytool existence, will return false, try another way.
2018-02-07 11:18:28,237 INFO o.a.j.e.KeyToolUtils: keytool found at 'C:\Program Files (x86)\Java\jre1.8.0_151\bin\keytool'
2018-02-07 11:18:28,238 INFO o.a.j.p.h.p.ProxyControl: HTTP(S) Test Script Recorder SSL Proxy will use keys that support embedded 3rd party resources in file C:\Users\alfons\Projects\backend_v2_vagrant\apache-jmeter-3.3\bin\proxyserver.jks
2018-02-07 11:18:28,376 INFO o.a.j.g.u.MenuFactory: Skipping org.apache.jmeter.protocol.java.sampler.BSFSampler
2018-02-07 11:18:28,400 INFO o.a.j.s.FileServer: Default base='C:\Users\alfons\Projects\backend_v2_vagrant\apache-jmeter-3.3\bin'
2018-02-07 11:18:28,457 INFO o.a.j.g.u.MenuFactory: Skipping org.apache.jmeter.protocol.mongodb.config.MongoSourceElement
2018-02-07 11:18:28,457 INFO o.a.j.g.u.MenuFactory: Skipping org.apache.jmeter.protocol.mongodb.sampler.MongoScriptSampler
2018-02-07 11:18:28,783 INFO o.a.j.g.u.MenuFactory: Skipping org.apache.jmeter.timers.BSFTimer
2018-02-07 11:18:28,798 INFO o.a.j.g.u.MenuFactory: Skipping org.apache.jmeter.visualizers.BSFListener
2018-02-07 11:18:28,914 INFO o.a.j.s.SampleResult: Note: Sample TimeStamps are START times
2018-02-07 11:18:28,914 INFO o.a.j.s.SampleResult: sampleresult.default.encoding is set to ISO-8859-1
2018-02-07 11:18:28,914 INFO o.a.j.s.SampleResult: sampleresult.useNanoTime=true
2018-02-07 11:18:28,915 INFO o.a.j.s.SampleResult: sampleresult.nanoThreadSleep=5000
2018-02-07 11:18:38,347 INFO o.a.j.g.a.Load: Loading file: C:\Users\alfons\Projects\backend_v2_vagrant\backend_v2\jmeter\hometest.jmx
2018-02-07 11:18:38,347 INFO o.a.j.s.FileServer: Set new base='C:\Users\alfons\Projects\backend_v2_vagrant\backend_v2\jmeter'
2018-02-07 11:18:38,516 INFO o.a.j.s.SaveService: Testplan (JMX) version: 2.2. Testlog (JTL) version: 2.2
2018-02-07 11:18:38,541 INFO o.a.j.s.SaveService: Using SaveService properties file encoding UTF-8
2018-02-07 11:18:38,542 INFO o.a.j.s.SaveService: Using SaveService properties version 3.2
2018-02-07 11:18:38,543 INFO o.a.j.s.SaveService: Loading file: C:\Users\alfons\Projects\backend_v2_vagrant\backend_v2\jmeter\hometest.jmx
2018-02-07 11:18:38,756 INFO o.a.j.s.FileServer: Set new base='C:\Users\alfons\Projects\backend_v2_vagrant\backend_v2\jmeter'
2018-02-07 11:22:09,782 INFO o.a.j.e.StandardJMeterEngine: Running the test!
2018-02-07 11:22:09,783 INFO o.a.j.s.SampleEvent: List of sample_variables: []
2018-02-07 11:22:09,783 INFO o.a.j.s.SampleEvent: List of sample_variables: []
2018-02-07 11:22:09,796 INFO o.a.j.t.TestPlan: added C:\Users\alfons\Projects\backend_v2_vagrant\backend_v2\jmeter\apache-jmeter-3.3\lib to classpath
2018-02-07 11:22:09,796 INFO o.a.j.t.TestPlan: added C:\Users\alfons\Projects\backend_v2_vagrant\backend_v2\jmeter\apache-jmeter-3.3\lib\ext to classpath
2018-02-07 11:22:09,799 INFO o.a.j.g.u.JMeterMenuBar: setRunning(true, *local*)
2018-02-07 11:22:09,804 INFO o.a.j.e.StandardJMeterEngine: Starting setUp thread groups
2018-02-07 11:22:09,804 INFO o.a.j.e.StandardJMeterEngine: Starting setUp ThreadGroup: 1 : setUp Thread Group
2018-02-07 11:22:09,804 INFO o.a.j.e.StandardJMeterEngine: Starting 1 threads for group setUp Thread Group.
2018-02-07 11:22:09,804 INFO o.a.j.e.StandardJMeterEngine: Thread will continue on error
2018-02-07 11:22:09,805 INFO o.a.j.t.ThreadGroup: Starting thread group... number=1 threads=1 ramp-up=1 perThread=1000.0 delayedStart=false
2018-02-07 11:22:09,814 INFO o.a.j.t.ThreadGroup: Started thread group number 1
2018-02-07 11:22:09,814 INFO o.a.j.e.StandardJMeterEngine: Waiting for all setup thread groups to exit
2018-02-07 11:22:09,815 INFO o.a.j.t.JMeterThread: Thread started: setUp Thread Group 1-1
2018-02-07 11:22:09,847 INFO o.a.j.t.JMeterThread: Thread is done: setUp Thread Group 1-1
2018-02-07 11:22:09,847 INFO o.a.j.t.JMeterThread: Thread finished: setUp Thread Group 1-1
2018-02-07 11:22:09,848 INFO o.a.j.e.StandardJMeterEngine: All Setup Threads have ended
2018-02-07 11:22:09,965 INFO o.a.j.e.StandardJMeterEngine: Starting ThreadGroup: 1 : Thread Group
2018-02-07 11:22:09,966 INFO o.a.j.e.StandardJMeterEngine: Starting 21 threads for group Thread Group.
2018-02-07 11:22:09,966 INFO o.a.j.e.StandardJMeterEngine: Thread will continue on error
2018-02-07 11:22:09,966 INFO o.a.j.t.ThreadGroup: Starting thread group... number=1 threads=21 ramp-up=1 perThread=47.61905 delayedStart=false
2018-02-07 11:22:09,973 INFO o.a.j.t.JMeterThread: Thread started: Thread Group 1-1
2018-02-07 11:22:09,974 INFO o.a.j.s.FileServer: Stored: users.csv
2018-02-07 11:22:09,985 INFO o.a.j.p.h.s.HTTPHCAbstractImpl: Local host = MOFO
2018-02-07 11:22:09,989 INFO o.a.j.p.h.s.HTTPHC4Impl: HTTP request retry count = 0
2018-02-07 11:22:10,026 INFO o.a.j.t.JMeterThread: Thread started: Thread Group 1-2
2018-02-07 11:22:10,086 INFO o.a.j.t.JMeterThread: Thread started: Thread Group 1-3
2018-02-07 11:22:10,137 INFO o.a.j.t.ThreadGroup: Started thread group number 1
2018-02-07 11:22:10,137 INFO o.a.j.e.StandardJMeterEngine: All thread groups have been started
2018-02-07 11:22:10,143 INFO o.a.j.t.JMeterThread: Thread started: Thread Group 1-4
2018-02-07 11:22:10,216 INFO o.a.j.t.JMeterThread: Thread started: Thread Group 1-5
2018-02-07 11:22:10,273 INFO o.a.j.t.JMeterThread: Thread started: Thread Group 1-6
2018-02-07 11:22:10,329 INFO o.a.j.t.JMeterThread: Thread started: Thread Group 1-7
2018-02-07 11:22:10,389 INFO o.a.j.t.JMeterThread: Thread started: Thread Group 1-8
2018-02-07 11:22:10,444 INFO o.a.j.t.JMeterThread: Thread started: Thread Group 1-9
2018-02-07 11:22:10,501 INFO o.a.j.t.JMeterThread: Thread started: Thread Group 1-10
2018-02-07 11:22:10,557 INFO o.a.j.t.JMeterThread: Thread started: Thread Group 1-11
2018-02-07 11:22:10,612 INFO o.a.j.t.JMeterThread: Thread started: Thread Group 1-12
2018-02-07 11:22:10,667 INFO o.a.j.t.JMeterThread: Thread started: Thread Group 1-13
2018-02-07 11:22:10,722 INFO o.a.j.t.JMeterThread: Thread started: Thread Group 1-14
2018-02-07 11:22:10,776 INFO o.a.j.t.JMeterThread: Thread started: Thread Group 1-15
2018-02-07 11:22:10,829 INFO o.a.j.t.JMeterThread: Thread started: Thread Group 1-16
2018-02-07 11:22:10,881 INFO o.a.j.t.JMeterThread: Thread started: Thread Group 1-17
2018-02-07 11:22:10,934 INFO o.a.j.t.JMeterThread: Thread started: Thread Group 1-18
2018-02-07 11:22:10,985 INFO o.a.j.t.JMeterThread: Thread started: Thread Group 1-19
2018-02-07 11:22:11,037 INFO o.a.j.t.JMeterThread: Thread started: Thread Group 1-20
2018-02-07 11:22:11,090 INFO o.a.j.t.JMeterThread: Thread started: Thread Group 1-21
2018-02-07 11:22:12,191 INFO o.a.j.s.FileServer: Stored: games.csv Alias: games.csv@26258952
2018-02-07 11:22:12,191 INFO o.a.j.s.FileServer: Stored: games.csv Alias: games.csv@11888019
2018-02-07 11:22:12,192 INFO o.a.j.s.FileServer: Stored: games.csv Alias: games.csv@2751010
2018-02-07 11:22:12,192 INFO o.a.j.s.FileServer: Stored: games.csv Alias: games.csv@18692353
2018-02-07 11:22:13,545 INFO o.a.j.s.FileServer: Stored: games.csv Alias: games.csv@31077209
2018-02-07 11:22:13,889 INFO o.a.j.s.FileServer: Stored: games.csv Alias: games.csv@31777499
2018-02-07 11:22:13,957 INFO o.a.j.s.FileServer: Stored: games.csv Alias: games.csv@25316278
2018-02-07 11:22:14,044 INFO o.a.j.s.FileServer: Stored: games.csv Alias: games.csv@13488176
2018-02-07 11:22:14,063 INFO o.a.j.s.FileServer: Stored: games.csv Alias: games.csv@32293501
2018-02-07 11:22:15,403 INFO o.a.j.s.FileServer: Stored: games.csv Alias: games.csv@3721053
2018-02-07 11:22:15,623 INFO o.a.j.s.FileServer: Stored: games.csv Alias: games.csv@28894640
2018-02-07 11:22:15,660 INFO o.a.j.s.FileServer: Stored: games.csv Alias: games.csv@24921879
2018-02-07 11:22:15,676 INFO o.a.j.s.FileServer: Stored: games.csv Alias: games.csv@2684448
2018-02-07 11:22:15,920 INFO o.a.j.s.FileServer: Stored: games.csv Alias: games.csv@16162556
2018-02-07 11:22:17,175 INFO o.a.j.s.FileServer: Stored: games.csv Alias: games.csv@14321983
2018-02-07 11:22:17,191 INFO o.a.j.s.FileServer: Stored: games.csv Alias: games.csv@3762219
2018-02-07 11:22:17,425 INFO o.a.j.s.FileServer: Stored: games.csv Alias: games.csv@22321066
2018-02-07 11:22:17,427 INFO o.a.j.s.FileServer: Stored: games.csv Alias: games.csv@22048750
2018-02-07 11:22:17,702 INFO o.a.j.s.FileServer: Stored: games.csv Alias: games.csv@17375520
2018-02-07 11:22:18,824 INFO o.a.j.s.FileServer: Stored: games.csv Alias: games.csv@25310876
2018-02-07 11:22:18,829 INFO o.a.j.s.FileServer: Stored: games.csv Alias: games.csv@4907834
2018-02-07 11:23:45,487 INFO o.a.j.t.JMeterThread: Stop Thread seen for thread Thread Group 1-9, reason: org.apache.jorphan.util.JMeterStopThreadException: End of file:users.csv detected for CSV DataSet:User data configured with stopThread:true, recycle:false
2018-02-07 11:23:45,487 INFO o.a.j.t.JMeterThread: Thread finished: Thread Group 1-9
2018-02-07 11:23:45,892 INFO o.a.j.t.JMeterThread: Stop Thread seen for thread Thread Group 1-8, reason: org.apache.jorphan.util.JMeterStopThreadException: End of file:users.csv detected for CSV DataSet:User data configured with stopThread:true, recycle:false
2018-02-07 11:23:45,892 INFO o.a.j.t.JMeterThread: Thread finished: Thread Group 1-8
2018-02-07 11:23:45,902 INFO o.a.j.t.JMeterThread: Stop Thread seen for thread Thread Group 1-11, reason: org.apache.jorphan.util.JMeterStopThreadException: End of file:users.csv detected for CSV DataSet:User data configured with stopThread:true, recycle:false
2018-02-07 11:23:45,902 INFO o.a.j.t.JMeterThread: Thread finished: Thread Group 1-11
2018-02-07 11:23:46,009 INFO o.a.j.t.JMeterThread: Stop Thread seen for thread Thread Group 1-2, reason: org.apache.jorphan.util.JMeterStopThreadException: End of file:users.csv detected for CSV DataSet:User data configured with stopThread:true, recycle:false
2018-02-07 11:23:46,009 INFO o.a.j.t.JMeterThread: Thread finished: Thread Group 1-2
2018-02-07 11:23:46,012 INFO o.a.j.t.JMeterThread: Stop Thread seen for thread Thread Group 1-10, reason: org.apache.jorphan.util.JMeterStopThreadException: End of file:users.csv detected for CSV DataSet:User data configured with stopThread:true, recycle:false
2018-02-07 11:23:46,012 INFO o.a.j.t.JMeterThread: Thread finished: Thread Group 1-10
2018-02-07 11:23:46,318 INFO o.a.j.t.JMeterThread: Stop Thread seen for thread Thread Group 1-3, reason: org.apache.jorphan.util.JMeterStopThreadException: End of file:users.csv detected for CSV DataSet:User data configured with stopThread:true, recycle:false
2018-02-07 11:23:46,319 INFO o.a.j.t.JMeterThread: Thread finished: Thread Group 1-3
2018-02-07 11:23:46,648 INFO o.a.j.t.JMeterThread: Stop Thread seen for thread Thread Group 1-12, reason: org.apache.jorphan.util.JMeterStopThreadException: End of file:users.csv detected for CSV DataSet:User data configured with stopThread:true, recycle:false
2018-02-07 11:23:46,648 INFO o.a.j.t.JMeterThread: Thread finished: Thread Group 1-12
2018-02-07 11:23:46,682 INFO o.a.j.t.JMeterThread: Stop Thread seen for thread Thread Group 1-15, reason: org.apache.jorphan.util.JMeterStopThreadException: End of file:users.csv detected for CSV DataSet:User data configured with stopThread:true, recycle:false
2018-02-07 11:23:46,682 INFO o.a.j.t.JMeterThread: Thread finished: Thread Group 1-15
2018-02-07 11:23:46,702 INFO o.a.j.t.JMeterThread: Stop Thread seen for thread Thread Group 1-5, reason: org.apache.jorphan.util.JMeterStopThreadException: End of file:users.csv detected for CSV DataSet:User data configured with stopThread:true, recycle:false
2018-02-07 11:23:46,702 INFO o.a.j.t.JMeterThread: Thread finished: Thread Group 1-5
2018-02-07 11:23:46,807 INFO o.a.j.t.JMeterThread: Stop Thread seen for thread Thread Group 1-7, reason: org.apache.jorphan.util.JMeterStopThreadException: End of file:users.csv detected for CSV DataSet:User data configured with stopThread:true, recycle:false
2018-02-07 11:23:46,807 INFO o.a.j.t.JMeterThread: Thread finished: Thread Group 1-7
2018-02-07 11:23:47,185 INFO o.a.j.t.JMeterThread: Stop Thread seen for thread Thread Group 1-13, reason: org.apache.jorphan.util.JMeterStopThreadException: End of file:users.csv detected for CSV DataSet:User data configured with stopThread:true, recycle:false
2018-02-07 11:23:47,185 INFO o.a.j.t.JMeterThread: Thread finished: Thread Group 1-13
2018-02-07 11:23:47,390 INFO o.a.j.t.JMeterThread: Stop Thread seen for thread Thread Group 1-16, reason: org.apache.jorphan.util.JMeterStopThreadException: End of file:users.csv detected for CSV DataSet:User data configured with stopThread:true, recycle:false
2018-02-07 11:23:47,390 INFO o.a.j.t.JMeterThread: Thread finished: Thread Group 1-16
2018-02-07 11:23:47,471 INFO o.a.j.t.JMeterThread: Stop Thread seen for thread Thread Group 1-18, reason: org.apache.jorphan.util.JMeterStopThreadException: End of file:users.csv detected for CSV DataSet:User data configured with stopThread:true, recycle:false
2018-02-07 11:23:47,472 INFO o.a.j.t.JMeterThread: Thread finished: Thread Group 1-18
2018-02-07 11:23:47,485 INFO o.a.j.t.JMeterThread: Stop Thread seen for thread Thread Group 1-14, reason: org.apache.jorphan.util.JMeterStopThreadException: End of file:users.csv detected for CSV DataSet:User data configured with stopThread:true, recycle:false
2018-02-07 11:23:47,485 INFO o.a.j.t.JMeterThread: Thread finished: Thread Group 1-14
2018-02-07 11:23:47,528 INFO o.a.j.t.JMeterThread: Stop Thread seen for thread Thread Group 1-17, reason: org.apache.jorphan.util.JMeterStopThreadException: End of file:users.csv detected for CSV DataSet:User data configured with stopThread:true, recycle:false
2018-02-07 11:23:47,528 INFO o.a.j.t.JMeterThread: Thread finished: Thread Group 1-17
2018-02-07 11:23:47,970 INFO o.a.j.t.JMeterThread: Stop Thread seen for thread Thread Group 1-19, reason: org.apache.jorphan.util.JMeterStopThreadException: End of file:users.csv detected for CSV DataSet:User data configured with stopThread:true, recycle:false
2018-02-07 11:23:47,970 INFO o.a.j.t.JMeterThread: Thread finished: Thread Group 1-19
2018-02-07 11:23:48,144 INFO o.a.j.t.JMeterThread: Stop Thread seen for thread Thread Group 1-21, reason: org.apache.jorphan.util.JMeterStopThreadException: End of file:users.csv detected for CSV DataSet:User data configured with stopThread:true, recycle:false
2018-02-07 11:23:48,144 INFO o.a.j.t.JMeterThread: Thread finished: Thread Group 1-21
2018-02-07 11:23:48,286 INFO o.a.j.t.JMeterThread: Stop Thread seen for thread Thread Group 1-20, reason: org.apache.jorphan.util.JMeterStopThreadException: End of file:users.csv detected for CSV DataSet:User data configured with stopThread:true, recycle:false
2018-02-07 11:23:48,286 INFO o.a.j.t.JMeterThread: Thread finished: Thread Group 1-20
2018-02-07 11:23:48,301 INFO o.a.j.t.JMeterThread: Stop Thread seen for thread Thread Group 1-4, reason: org.apache.jorphan.util.JMeterStopThreadException: End of file:users.csv detected for CSV DataSet:User data configured with stopThread:true, recycle:false
2018-02-07 11:23:48,301 INFO o.a.j.t.JMeterThread: Thread finished: Thread Group 1-4
2018-02-07 11:23:48,311 INFO o.a.j.t.JMeterThread: Stop Thread seen for thread Thread Group 1-6, reason: org.apache.jorphan.util.JMeterStopThreadException: End of file:users.csv detected for CSV DataSet:User data configured with stopThread:true, recycle:false
2018-02-07 11:23:48,311 INFO o.a.j.t.JMeterThread: Thread finished: Thread Group 1-6
2018-02-07 11:23:48,521 INFO o.a.j.t.JMeterThread: Stop Thread seen for thread Thread Group 1-1, reason: org.apache.jorphan.util.JMeterStopThreadException: End of file:users.csv detected for CSV DataSet:User data configured with stopThread:true, recycle:false
2018-02-07 11:23:48,521 INFO o.a.j.t.JMeterThread: Thread finished: Thread Group 1-1
2018-02-07 11:23:48,521 INFO o.a.j.e.StandardJMeterEngine: Starting tearDown thread groups
2018-02-07 11:23:48,521 INFO o.a.j.e.StandardJMeterEngine: Starting tearDown ThreadGroup: 1 : tearDown Thread Group
2018-02-07 11:23:48,521 INFO o.a.j.e.StandardJMeterEngine: Starting 1 threads for group tearDown Thread Group.
2018-02-07 11:23:48,522 INFO o.a.j.e.StandardJMeterEngine: Thread will continue on error
2018-02-07 11:23:48,522 INFO o.a.j.t.ThreadGroup: Starting thread group... number=1 threads=1 ramp-up=1 perThread=1000.0 delayedStart=false
2018-02-07 11:23:48,527 INFO o.a.j.t.ThreadGroup: Started thread group number 1
2018-02-07 11:23:48,527 INFO o.a.j.t.JMeterThread: Thread started: tearDown Thread Group 1-1
2018-02-07 11:23:48,540 INFO o.a.j.t.JMeterThread: Thread is done: tearDown Thread Group 1-1
2018-02-07 11:23:48,540 INFO o.a.j.t.JMeterThread: Thread finished: tearDown Thread Group 1-1
2018-02-07 11:23:48,540 INFO o.a.j.e.StandardJMeterEngine: Notifying test listeners of end of test
2018-02-07 11:23:48,540 INFO o.a.j.s.FileServer: Close: games.csv@25316278
2018-02-07 11:23:48,541 INFO o.a.j.s.FileServer: Close: games.csv@3721053
2018-02-07 11:23:48,541 INFO o.a.j.s.FileServer: Close: games.csv@24921879
2018-02-07 11:23:48,541 INFO o.a.j.s.FileServer: Close: games.csv@14321983
2018-02-07 11:23:48,542 INFO o.a.j.s.FileServer: Close: games.csv@17375520
2018-02-07 11:23:48,542 INFO o.a.j.s.FileServer: Close: games.csv@2751010
2018-02-07 11:23:48,542 INFO o.a.j.s.FileServer: Close: games.csv@3762219
2018-02-07 11:23:48,542 INFO o.a.j.s.FileServer: Close: games.csv@25310876
2018-02-07 11:23:48,543 INFO o.a.j.s.FileServer: Close: games.csv@11888019
2018-02-07 11:23:48,543 INFO o.a.j.s.FileServer: Close: games.csv@2684448
2018-02-07 11:23:48,543 INFO o.a.j.s.FileServer: Close: games.csv@16162556
2018-02-07 11:23:48,543 INFO o.a.j.s.FileServer: Close: games.csv@18692353
2018-02-07 11:23:48,543 INFO o.a.j.s.FileServer: Close: games.csv@31077209
2018-02-07 11:23:48,544 INFO o.a.j.s.FileServer: Close: games.csv@31777499
2018-02-07 11:23:48,544 INFO o.a.j.s.FileServer: Close: games.csv@13488176
2018-02-07 11:23:48,544 INFO o.a.j.s.FileServer: Close: users.csv
2018-02-07 11:23:48,544 INFO o.a.j.s.FileServer: Close: games.csv@22048750
2018-02-07 11:23:48,544 INFO o.a.j.s.FileServer: Close: games.csv@22321066
2018-02-07 11:23:48,544 INFO o.a.j.s.FileServer: Close: games.csv@4907834
2018-02-07 11:23:48,544 INFO o.a.j.s.FileServer: Close: games.csv@26258952
2018-02-07 11:23:48,544 INFO o.a.j.s.FileServer: Close: games.csv@28894640
2018-02-07 11:23:48,545 INFO o.a.j.s.FileServer: Close: games.csv@32293501
2018-02-07 11:23:48,545 INFO o.a.j.g.u.JMeterMenuBar: setRunning(false, *local*)
